#
# There is insufficient memory for the Java Runtime Environment to continue.
# Native memory allocation (malloc) failed to allocate 66060288 bytes for committing reserved memory.
# Possible reasons:
#   The system is out of physical RAM or swap space
#   In 32 bit mode, the process size limit was hit
# Possible solutions:
#   Reduce memory load on the system
#   Increase physical memory or swap space
#   Check if swap backing store is full
#   Use 64 bit Java on a 64 bit OS
#   Decrease Java heap size (-Xmx/-Xms)
#   Decrease number of Java threads
#   Decrease Java thread stack sizes (-Xss)
#   Set larger code cache with -XX:ReservedCodeCacheSize=
# This output file may be truncated or incomplete.
#
#  Out of Memory Error (os_linux.cpp:2756), pid=4314, tid=139806641108736
#
# JRE version: Java(TM) SE Runtime Environment (7.0_80-b15) (build 1.7.0_80-b15)
# Java VM: Java HotSpot(TM) 64-Bit Server VM (24.80-b11 mixed mode linux-amd64 compressed oops)
# Failed to write core dump. Core dumps have been disabled. To enable core dumping, try "ulimit -c unlimited" before starting Java again
#

---------------  T H R E A D  ---------------

Current thread (0x00007f274c06a000):  VMThread [stack: 0x00007f27451e3000,0x00007f27452e4000] [id=4353]

Stack: [0x00007f27451e3000,0x00007f27452e4000],  sp=0x00007f27452e2080,  free space=1020k
Native frames: (J=compiled Java code, j=interpreted, Vv=VM code, C=native code)
V  [libjvm.so+0x9a320a]  VMError::report_and_die()+0x2ea
V  [libjvm.so+0x498d3b]  report_vm_out_of_memory(char const*, int, unsigned long, char const*)+0x9b
V  [libjvm.so+0x82191e]  os::Linux::commit_memory_impl(char*, unsigned long, bool)+0xfe
V  [libjvm.so+0x821e69]  os::pd_commit_memory(char*, unsigned long, unsigned long, bool)+0x29
V  [libjvm.so+0x81bb6a]  os::commit_memory(char*, unsigned long, unsigned long, bool)+0x2a
V  [libjvm.so+0x88d623]  PSVirtualSpace::expand_by(unsigned long)+0x53
V  [libjvm.so+0x88e9f8]  PSYoungGen::resize_generation(unsigned long, unsigned long)+0xf8
V  [libjvm.so+0x88db62]  PSYoungGen::resize(unsigned long, unsigned long)+0x22
V  [libjvm.so+0x88af1d]  PSScavenge::invoke_no_policy()+0xf3d
V  [libjvm.so+0x88b761]  PSScavenge::invoke()+0x41
V  [libjvm.so+0x843f40]  ParallelScavengeHeap::failed_mem_allocate(unsigned long)+0x70
V  [libjvm.so+0x9a4a97]  VM_ParallelGCFailedAllocation::doit()+0x97
V  [libjvm.so+0x9abf35]  VM_Operation::evaluate()+0x55
V  [libjvm.so+0x9aa2fa]  VMThread::evaluate_operation(VM_Operation*)+0xba
V  [libjvm.so+0x9aa67e]  VMThread::loop()+0x1ce
V  [libjvm.so+0x9aaaf0]  VMThread::run()+0x70
V  [libjvm.so+0x8238c8]  java_start(Thread*)+0x108

VM_Operation (0x00007f273f7e2e90): ParallelGCFailedAllocation, mode: safepoint, requested by thread 0x00007f274c14a800


---------------  P R O C E S S  ---------------

Java Threads: ( => current thread )
  0x00007f274c14a800 JavaThread "pool-1-thread-4" [_thread_blocked, id=4404, stack(0x00007f273f6e4000,0x00007f273f7e5000)]
  0x00007f274c149000 JavaThread "pool-1-thread-3" [_thread_blocked, id=4403, stack(0x00007f273f7e5000,0x00007f273f8e6000)]
  0x00007f274c148000 JavaThread "pool-1-thread-2" [_thread_blocked, id=4401, stack(0x00007f273f8e6000,0x00007f273f9e7000)]
  0x00007f274c146000 JavaThread "pool-2-thread-1" [_thread_blocked, id=4399, stack(0x00007f273f9e7000,0x00007f273fae8000)]
  0x00007f274c144800 JavaThread "pool-1-thread-1" [_thread_blocked, id=4396, stack(0x00007f27440e7000,0x00007f27441e8000)]
  0x00007f274c09a000 JavaThread "Service Thread" daemon [_thread_blocked, id=4377, stack(0x00007f27444fa000,0x00007f27445fb000)]
  0x00007f274c097800 JavaThread "C2 CompilerThread1" daemon [_thread_blocked, id=4374, stack(0x00007f27445fb000,0x00007f27446fc000)]
  0x00007f274c094800 JavaThread "C2 CompilerThread0" daemon [_thread_in_native, id=4370, stack(0x00007f27446fc000,0x00007f27447fd000)]
  0x00007f274c092000 JavaThread "Signal Dispatcher" daemon [_thread_blocked, id=4368, stack(0x00007f27447fd000,0x00007f27448fe000)]
  0x00007f274c070800 JavaThread "Finalizer" daemon [_thread_blocked, id=4359, stack(0x00007f2744fe1000,0x00007f27450e2000)]
  0x00007f274c06e800 JavaThread "Reference Handler" daemon [_thread_blocked, id=4357, stack(0x00007f27450e2000,0x00007f27451e3000)]
  0x00007f274c00a000 JavaThread "main" [_thread_blocked, id=4334, stack(0x00007f2752f36000,0x00007f2753037000)]

Other Threads:
=>0x00007f274c06a000 VMThread [stack: 0x00007f27451e3000,0x00007f27452e4000] [id=4353]
  0x00007f274c0a5000 WatcherThread [stack: 0x00007f27443f9000,0x00007f27444fa000] [id=4382]

VM state:at safepoint (normal execution)

VM Mutex/Monitor currently owned by a thread:  ([mutex/lock_event])
[0x00007f274c006630] Threads_lock - owner thread: 0x00007f274c06a000
[0x00007f274c006b30] Heap_lock - owner thread: 0x00007f274c14a800

Heap
 PSYoungGen      total 48640K, used 1521K [0x00000000eaa80000, 0x00000000edb80000, 0x0000000100000000)
  eden space 47104K, 0% used [0x00000000eaa80000,0x00000000eaa80000,0x00000000ed880000)
  from space 1536K, 99% used [0x00000000ed880000,0x00000000ed9fc658,0x00000000eda00000)
  to   space 1536K, 0% used [0x00000000eda00000,0x00000000eda00000,0x00000000edb80000)
 ParOldGen       total 29184K, used 18492K [0x00000000c0000000, 0x00000000c1c80000, 0x00000000eaa80000)
  object space 29184K, 63% used [0x00000000c0000000,0x00000000c120f2e8,0x00000000c1c80000)
 PSPermGen       total 21504K, used 5900K [0x00000000bae00000, 0x00000000bc300000, 0x00000000c0000000)
  object space 21504K, 27% used [0x00000000bae00000,0x00000000bb3c3170,0x00000000bc300000)

Card table byte_map: [0x00007f2748dd6000,0x00007f2749000000] byte_map_base: 0x00007f27487ff000

Polling page: 0x00007f2753055000

Code Cache  [0x00007f2749000000, 0x00007f2749270000, 0x00007f274c000000)
 total_blobs=474 nmethods=245 adapters=183 free_code_cache=48159Kb largest_free_block=49276928

Compilation events (10 events):
Event: 18,711 Thread 0x00007f274c097800 nmethod 243 0x00007f27490e71d0 code [0x00007f27490e7320, 0x00007f27490e73d8]
Event: 18,711 Thread 0x00007f274c097800  244             java.lang.AbstractStringBuilder::ensureCapacityInternal (16 bytes)
Event: 18,780 Thread 0x00007f274c097800 nmethod 244 0x00007f27490e1dd0 code [0x00007f27490e1f20, 0x00007f27490e21b8]
Event: 18,780 Thread 0x00007f274c097800  245             com.android.dx.rop.cst.CstBaseMethodRef::compareTo0 (29 bytes)
Event: 18,924 Thread 0x00007f274c097800 nmethod 245 0x00007f27490e7790 code [0x00007f27490e7960, 0x00007f27490e8198]
Event: 18,924 Thread 0x00007f274c097800  246             com.android.dx.util.IntList::indexOf (16 bytes)
Event: 18,938 Thread 0x00007f274c097800 nmethod 246 0x00007f27490e5710 code [0x00007f27490e5860, 0x00007f27490e5a18]
Event: 18,938 Thread 0x00007f274c097800  247             com.android.dx.rop.code.PlainInsn::<init> (73 bytes)
Event: 18,975 Thread 0x00007f274c097800 nmethod 247 0x00007f27490e5310 code [0x00007f27490e5460, 0x00007f27490e55b8]
Event: 18,975 Thread 0x00007f274c097800  248             com.android.dx.rop.code.LocalVariableExtractor::processBlock (327 bytes)

GC Heap History (9 events):
Event: 2,041 GC heap before
{Heap before GC invocations=1 (full 0):
 PSYoungGen      total 13312K, used 11776K [0x00000000eaa80000, 0x00000000eb900000, 0x0000000100000000)
  eden space 11776K, 100% used [0x00000000eaa80000,0x00000000eb600000,0x00000000eb600000)
  from space 1536K, 0% used [0x00000000eb780000,0x00000000eb780000,0x00000000eb900000)
  to   space 1536K, 0% used [0x00000000eb600000,0x00000000eb600000,0x00000000eb780000)
 ParOldGen       total 29184K, used 0K [0x00000000c0000000, 0x00000000c1c80000, 0x00000000eaa80000)
  object space 29184K, 0% used [0x00000000c0000000,0x00000000c0000000,0x00000000c1c80000)
 PSPermGen       total 21504K, used 4819K [0x00000000bae00000, 0x00000000bc300000, 0x00000000c0000000)
  object space 21504K, 22% used [0x00000000bae00000,0x00000000bb2b4c58,0x00000000bc300000)
Event: 2,078 GC heap after
Heap after GC invocations=1 (full 0):
 PSYoungGen      total 13312K, used 1509K [0x00000000eaa80000, 0x00000000ec480000, 0x0000000100000000)
  eden space 11776K, 0% used [0x00000000eaa80000,0x00000000eaa80000,0x00000000eb600000)
  from space 1536K, 98% used [0x00000000eb600000,0x00000000eb779710,0x00000000eb780000)
  to   space 1536K, 0% used [0x00000000ec300000,0x00000000ec300000,0x00000000ec480000)
 ParOldGen       total 29184K, used 665K [0x00000000c0000000, 0x00000000c1c80000, 0x00000000eaa80000)
  object space 29184K, 2% used [0x00000000c0000000,0x00000000c00a6500,0x00000000c1c80000)
 PSPermGen       total 21504K, used 4819K [0x00000000bae00000, 0x00000000bc300000, 0x00000000c0000000)
  object space 21504K, 22% used [0x00000000bae00000,0x00000000bb2b4c58,0x00000000bc300000)
}
Event: 3,676 GC heap before
{Heap before GC invocations=2 (full 0):
 PSYoungGen      total 13312K, used 13285K [0x00000000eaa80000, 0x00000000ec480000, 0x0000000100000000)
  eden space 11776K, 100% used [0x00000000eaa80000,0x00000000eb600000,0x00000000eb600000)
  from space 1536K, 98% used [0x00000000eb600000,0x00000000eb779710,0x00000000eb780000)
  to   space 1536K, 0% used [0x00000000ec300000,0x00000000ec300000,0x00000000ec480000)
 ParOldGen       total 29184K, used 665K [0x00000000c0000000, 0x00000000c1c80000, 0x00000000eaa80000)
  object space 29184K, 2% used [0x00000000c0000000,0x00000000c00a6500,0x00000000c1c80000)
 PSPermGen       total 21504K, used 5641K [0x00000000bae00000, 0x00000000bc300000, 0x00000000c0000000)
  object space 21504K, 26% used [0x00000000bae00000,0x00000000bb382450,0x00000000bc300000)
Event: 3,821 GC heap after
Heap after GC invocations=2 (full 0):
 PSYoungGen      total 25088K, used 1527K [0x00000000eaa80000, 0x00000000ec480000, 0x0000000100000000)
  eden space 23552K, 0% used [0x00000000eaa80000,0x00000000eaa80000,0x00000000ec180000)
  from space 1536K, 99% used [0x00000000ec300000,0x00000000ec47dc60,0x00000000ec480000)
  to   space 1536K, 0% used [0x00000000ec180000,0x00000000ec180000,0x00000000ec300000)
 ParOldGen       total 29184K, used 2789K [0x00000000c0000000, 0x00000000c1c80000, 0x00000000eaa80000)
  object space 29184K, 9% used [0x00000000c0000000,0x00000000c02b94a0,0x00000000c1c80000)
 PSPermGen       total 21504K, used 5641K [0x00000000bae00000, 0x00000000bc300000, 0x00000000c0000000)
  object space 21504K, 26% used [0x00000000bae00000,0x00000000bb382450,0x00000000bc300000)
}
Event: 7,095 GC heap before
{Heap before GC invocations=3 (full 0):
 PSYoungGen      total 25088K, used 25079K [0x00000000eaa80000, 0x00000000ec480000, 0x0000000100000000)
  eden space 23552K, 100% used [0x00000000eaa80000,0x00000000ec180000,0x00000000ec180000)
  from space 1536K, 99% used [0x00000000ec300000,0x00000000ec47dc60,0x00000000ec480000)
  to   space 1536K, 0% used [0x00000000ec180000,0x00000000ec180000,0x00000000ec300000)
 ParOldGen       total 29184K, used 2789K [0x00000000c0000000, 0x00000000c1c80000, 0x00000000eaa80000)
  object space 29184K, 9% used [0x00000000c0000000,0x00000000c02b94a0,0x00000000c1c80000)
 PSPermGen       total 21504K, used 5806K [0x00000000bae00000, 0x00000000bc300000, 0x00000000c0000000)
  object space 21504K, 27% used [0x00000000bae00000,0x00000000bb3ab898,0x00000000bc300000)
Event: 7,279 GC heap after
Heap after GC invocations=3 (full 0):
 PSYoungGen      total 25088K, used 1527K [0x00000000eaa80000, 0x00000000edb80000, 0x0000000100000000)
  eden space 23552K, 0% used [0x00000000eaa80000,0x00000000eaa80000,0x00000000ec180000)
  from space 1536K, 99% used [0x00000000ec180000,0x00000000ec2fde70,0x00000000ec300000)
  to   space 1536K, 0% used [0x00000000eda00000,0x00000000eda00000,0x00000000edb80000)
 ParOldGen       total 29184K, used 6885K [0x00000000c0000000, 0x00000000c1c80000, 0x00000000eaa80000)
  object space 29184K, 23% used [0x00000000c0000000,0x00000000c06b9700,0x00000000c1c80000)
 PSPermGen       total 21504K, used 5806K [0x00000000bae00000, 0x00000000bc300000, 0x00000000c0000000)
  object space 21504K, 27% used [0x00000000bae00000,0x00000000bb3ab898,0x00000000bc300000)
}
Event: 10,767 GC heap before
{Heap before GC invocations=4 (full 0):
 PSYoungGen      total 25088K, used 25079K [0x00000000eaa80000, 0x00000000edb80000, 0x0000000100000000)
  eden space 23552K, 100% used [0x00000000eaa80000,0x00000000ec180000,0x00000000ec180000)
  from space 1536K, 99% used [0x00000000ec180000,0x00000000ec2fde70,0x00000000ec300000)
  to   space 1536K, 0% used [0x00000000eda00000,0x00000000eda00000,0x00000000edb80000)
 ParOldGen       total 29184K, used 6885K [0x00000000c0000000, 0x00000000c1c80000, 0x00000000eaa80000)
  object space 29184K, 23% used [0x00000000c0000000,0x00000000c06b9700,0x00000000c1c80000)
 PSPermGen       total 21504K, used 5857K [0x00000000bae00000, 0x00000000bc300000, 0x00000000c0000000)
  object space 21504K, 27% used [0x00000000bae00000,0x00000000bb3b8758,0x00000000bc300000)
Event: 11,028 GC heap after
Heap after GC invocations=4 (full 0):
 PSYoungGen      total 48640K, used 1508K [0x00000000eaa80000, 0x00000000edb80000, 0x0000000100000000)
  eden space 47104K, 0% used [0x00000000eaa80000,0x00000000eaa80000,0x00000000ed880000)
  from space 1536K, 98% used [0x00000000eda00000,0x00000000edb79140,0x00000000edb80000)
  to   space 1536K, 0% used [0x00000000ed880000,0x00000000ed880000,0x00000000eda00000)
 ParOldGen       total 29184K, used 10977K [0x00000000c0000000, 0x00000000c1c80000, 0x00000000eaa80000)
  object space 29184K, 37% used [0x00000000c0000000,0x00000000c0ab8618,0x00000000c1c80000)
 PSPermGen       total 21504K, used 5857K [0x00000000bae00000, 0x00000000bc300000, 0x00000000c0000000)
  object space 21504K, 27% used [0x00000000bae00000,0x00000000bb3b8758,0x00000000bc300000)
}
Event: 19,796 GC heap before
{Heap before GC invocations=5 (full 0):
 PSYoungGen      total 48640K, used 48612K [0x00000000eaa80000, 0x00000000edb80000, 0x0000000100000000)
  eden space 47104K, 100% used [0x00000000eaa80000,0x00000000ed880000,0x00000000ed880000)
  from space 1536K, 98% used [0x00000000eda00000,0x00000000edb79140,0x00000000edb80000)
  to   space 1536K, 0% used [0x00000000ed880000,0x00000000ed880000,0x00000000eda00000)
 ParOldGen       total 29184K, used 10977K [0x00000000c0000000, 0x00000000c1c80000, 0x00000000eaa80000)
  object space 29184K, 37% used [0x00000000c0000000,0x00000000c0ab8618,0x00000000c1c80000)
 PSPermGen       total 21504K, used 5900K [0x00000000bae00000, 0x00000000bc300000, 0x00000000c0000000)
  object space 21504K, 27% used [0x00000000bae00000,0x00000000bb3c3170,0x00000000bc300000)

Deoptimization events (10 events):
Event: 3,181 Thread 0x00007f274c14a800 Uncommon trap: reason=class_check action=maybe_recompile pc=0x00007f274907741c method=com.android.dx.ssa.NormalSsaInsn.accept(Lcom/android/dx/ssa/SsaInsn$Visitor;)V @ 9
Event: 3,926 Thread 0x00007f274c144800 Uncommon trap: reason=class_check action=maybe_recompile pc=0x00007f274907741c method=com.android.dx.ssa.NormalSsaInsn.accept(Lcom/android/dx/ssa/SsaInsn$Visitor;)V @ 9
Event: 4,238 Thread 0x00007f274c14a800 Uncommon trap: reason=class_check action=maybe_recompile pc=0x00007f274907741c method=com.android.dx.ssa.NormalSsaInsn.accept(Lcom/android/dx/ssa/SsaInsn$Visitor;)V @ 9
Event: 4,403 Thread 0x00007f274c14a800 Uncommon trap: reason=unstable_if action=reinterpret pc=0x00007f274908e608 method=com.android.dx.rop.code.RegisterSpec.equals(ILcom/android/dx/rop/type/TypeBearer;Lcom/android/dx/rop/code/LocalItem;)Z @ 42
Event: 5,413 Thread 0x00007f274c14a800 Uncommon trap: reason=unstable_if action=reinterpret pc=0x00007f274907daa4 method=com.android.dx.ssa.SsaRenamer$BlockRenamer.addMapping(ILcom/android/dx/rop/code/RegisterSpec;)V @ 120
Event: 8,066 Thread 0x00007f274c14a800 Uncommon trap: reason=null_check action=make_not_entrant pc=0x00007f27490b6438 method=com.android.dx.ssa.SsaRenamer.getLocalForNewReg(I)Lcom/android/dx/rop/code/LocalItem; @ 19
Event: 8,720 Thread 0x00007f274c149000 Uncommon trap: reason=unstable_if action=reinterpret pc=0x00007f274907a5c4 method=com.android.dx.rop.cst.Constant.compareTo(Lcom/android/dx/rop/cst/Constant;)I @ 12
Event: 9,503 Thread 0x00007f274c149000 Uncommon trap: reason=unstable_if action=reinterpret pc=0x00007f27490d1eac method=com.android.dx.ssa.LocalVariableExtractor.processBlock(I)V @ 251
Event: 11,821 Thread 0x00007f274c00a000 Uncommon trap: reason=null_check action=make_not_entrant pc=0x00007f27490ccf3c method=com.android.dx.rop.type.Type.putIntern(Lcom/android/dx/rop/type/Type;)Lcom/android/dx/rop/type/Type; @ 18
Event: 14,268 Thread 0x00007f274c14a800 Uncommon trap: reason=unstable_if action=reinterpret pc=0x00007f27490953f4 method=com.android.dx.util.IntList.binarysearch(I)I @ 105

Internal exceptions (10 events):
Event: 2,282 Thread 0x00007f274c14a800 Threw 0x00000000ead53468 at /HUDSON/workspace/7u-2-build-linux-amd64/jdk7u80/2329/hotspot/src/share/vm/prims/jvm.cpp:1319
Event: 2,328 Thread 0x00007f274c00a000 Threw 0x00000000ead981a8 at /HUDSON/workspace/7u-2-build-linux-amd64/jdk7u80/2329/hotspot/src/share/vm/prims/jvm.cpp:1319
Event: 2,738 Thread 0x00007f274c144800 Threw 0x00000000eb015a10 at /HUDSON/workspace/7u-2-build-linux-amd64/jdk7u80/2329/hotspot/src/share/vm/prims/jvm.cpp:1319
Event: 3,168 Thread 0x00007f274c00a000 Threw 0x00000000eb25e068 at /HUDSON/workspace/7u-2-build-linux-amd64/jdk7u80/2329/hotspot/src/share/vm/prims/jvm.cpp:1319
Event: 3,209 Thread 0x00007f274c00a000 Threw 0x00000000eb26f018 at /HUDSON/workspace/7u-2-build-linux-amd64/jdk7u80/2329/hotspot/src/share/vm/prims/jvm.cpp:1319
Event: 6,230 Thread 0x00007f274c00a000 Threw 0x00000000eb9ad0d8 at /HUDSON/workspace/7u-2-build-linux-amd64/jdk7u80/2329/hotspot/src/share/vm/prims/jvm.cpp:1319
Event: 8,066 Thread 0x00007f274c14a800 Implicit null exception at 0x00007f27490b5820 to 0x00007f27490b641d
Event: 11,820 Thread 0x00007f274c00a000 Implicit null exception at 0x00007f27490cc877 to 0x00007f27490ccf2d
Event: 13,449 Thread 0x00007f274c00a000 Threw 0x00000000eb89a620 at /HUDSON/workspace/7u-2-build-linux-amd64/jdk7u80/2329/hotspot/src/share/vm/prims/jvm.cpp:1319
Event: 14,213 Thread 0x00007f274c00a000 Threw 0x00000000ebd14c40 at /HUDSON/workspace/7u-2-build-linux-amd64/jdk7u80/2329/hotspot/src/share/vm/prims/jvm.cpp:1319

Events (10 events):
Event: 11,821 Thread 0x00007f274c00a000 DEOPT UNPACKING pc=0x00007f2749039045 sp=0x00007f2753034d80 mode 2
Event: 12,456 Thread 0x00007f274c094800 flushing nmethod 0x00007f274907d510
Event: 13,448 loading class 0x00007f26f8005730
Event: 13,448 loading class 0x00007f26f8005730 done
Event: 14,213 loading class 0x00007f26f80197a0
Event: 14,213 loading class 0x00007f26f80197a0 done
Event: 14,268 Thread 0x00007f274c14a800 Uncommon trap: trap_request=0xffffff75 fr.pc=0x00007f27490953f4
Event: 14,268 Thread 0x00007f274c14a800 DEOPT PACKING pc=0x00007f27490953f4 sp=0x00007f273f7e3140
Event: 14,268 Thread 0x00007f274c14a800 DEOPT UNPACKING pc=0x00007f2749039045 sp=0x00007f273f7e30e8 mode 2
Event: 19,648 Executing VM operation: ParallelGCFailedAllocation


Dynamic libraries:
00400000-00401000 r-xp 00000000 08:04 1341521                            /usr/lib/jvm/java-7-oracle/bin/java
00600000-00601000 rw-p 00000000 08:04 1341521                            /usr/lib/jvm/java-7-oracle/bin/java
0166f000-01690000 rw-p 00000000 00:00 0                                  [heap]
bae00000-bc300000 rw-p 00000000 00:00 0 
bc300000-c0000000 rw-p 00000000 00:00 0 
c0000000-c1c80000 rw-p 00000000 00:00 0 
c1c80000-eaa80000 rw-p 00000000 00:00 0 
eaa80000-edb80000 rw-p 00000000 00:00 0 
f1a80000-100000000 rw-p 00000000 00:00 0 
7f26f8000000-7f26f8021000 rw-p 00000000 00:00 0 
7f26f8021000-7f26fc000000 ---p 00000000 00:00 0 
7f26fc000000-7f26fc021000 rw-p 00000000 00:00 0 
7f26fc021000-7f2700000000 ---p 00000000 00:00 0 
7f2700000000-7f2700021000 rw-p 00000000 00:00 0 
7f2700021000-7f2704000000 ---p 00000000 00:00 0 
7f2704000000-7f2704029000 rw-p 00000000 00:00 0 
7f2704029000-7f2708000000 ---p 00000000 00:00 0 
7f2708000000-7f2708021000 rw-p 00000000 00:00 0 
7f2708021000-7f270c000000 ---p 00000000 00:00 0 
7f270c000000-7f270c026000 rw-p 00000000 00:00 0 
7f270c026000-7f2710000000 ---p 00000000 00:00 0 
7f2710000000-7f2710c60000 rw-p 00000000 00:00 0 
7f2710c60000-7f2714000000 ---p 00000000 00:00 0 
7f2714000000-7f2714021000 rw-p 00000000 00:00 0 
7f2714021000-7f2718000000 ---p 00000000 00:00 0 
7f2718000000-7f2718021000 rw-p 00000000 00:00 0 
7f2718021000-7f271c000000 ---p 00000000 00:00 0 
7f271c000000-7f271d358000 rw-p 00000000 00:00 0 
7f271d358000-7f2720000000 ---p 00000000 00:00 0 
7f2720000000-7f2720021000 rw-p 00000000 00:00 0 
7f2720021000-7f2724000000 ---p 00000000 00:00 0 
7f2724000000-7f2724021000 rw-p 00000000 00:00 0 
7f2724021000-7f2728000000 ---p 00000000 00:00 0 
7f2728000000-7f2728021000 rw-p 00000000 00:00 0 
7f2728021000-7f272c000000 ---p 00000000 00:00 0 
7f272c000000-7f272c24f000 rw-p 00000000 00:00 0 
7f272c24f000-7f2730000000 ---p 00000000 00:00 0 
7f2730000000-7f2730021000 rw-p 00000000 00:00 0 
7f2730021000-7f2734000000 ---p 00000000 00:00 0 
7f2738000000-7f2738021000 rw-p 00000000 00:00 0 
7f2738021000-7f273c000000 ---p 00000000 00:00 0 
7f273f6e4000-7f273f6e7000 ---p 00000000 00:00 0 
7f273f6e7000-7f273f7e5000 rw-p 00000000 00:00 0                          [stack:4404]
7f273f7e5000-7f273f7e8000 ---p 00000000 00:00 0 
7f273f7e8000-7f273f8e6000 rw-p 00000000 00:00 0                          [stack:4403]
7f273f8e6000-7f273f8e9000 ---p 00000000 00:00 0 
7f273f8e9000-7f273f9e7000 rw-p 00000000 00:00 0                          [stack:4401]
7f273f9e7000-7f273f9ea000 ---p 00000000 00:00 0 
7f273f9ea000-7f273fde9000 rw-p 00000000 00:00 0                          [stack:4399]
7f273fde9000-7f273fe00000 r-xp 00000000 08:04 1734775                    /usr/lib/jvm/java-7-oracle/jre/lib/amd64/libnet.so
7f273fe00000-7f273ffff000 ---p 00017000 08:04 1734775                    /usr/lib/jvm/java-7-oracle/jre/lib/amd64/libnet.so
7f273ffff000-7f2740000000 rw-p 00016000 08:04 1734775                    /usr/lib/jvm/java-7-oracle/jre/lib/amd64/libnet.so
7f2740000000-7f2740021000 rw-p 00000000 00:00 0 
7f2740021000-7f2744000000 ---p 00000000 00:00 0 
7f27440e7000-7f27440ea000 ---p 00000000 00:00 0 
7f27440ea000-7f27441e8000 rw-p 00000000 00:00 0                          [stack:4396]
7f27441e8000-7f27441f8000 r-xp 00000000 08:04 1734741                    /usr/lib/jvm/java-7-oracle/jre/lib/amd64/libnio.so
7f27441f8000-7f27443f8000 ---p 00010000 08:04 1734741                    /usr/lib/jvm/java-7-oracle/jre/lib/amd64/libnio.so
7f27443f8000-7f27443f9000 rw-p 00010000 08:04 1734741                    /usr/lib/jvm/java-7-oracle/jre/lib/amd64/libnio.so
7f27443f9000-7f27443fa000 ---p 00000000 00:00 0 
7f27443fa000-7f27444fa000 rw-p 00000000 00:00 0                          [stack:4382]
7f27444fa000-7f27444fd000 ---p 00000000 00:00 0 
7f27444fd000-7f27445fb000 rw-p 00000000 00:00 0                          [stack:4377]
7f27445fb000-7f27445fe000 ---p 00000000 00:00 0 
7f27445fe000-7f27446fc000 rw-p 00000000 00:00 0                          [stack:4374]
7f27446fc000-7f27446ff000 ---p 00000000 00:00 0 
7f27446ff000-7f27447fd000 rw-p 00000000 00:00 0                          [stack:4370]
7f27447fd000-7f2744800000 ---p 00000000 00:00 0 
7f2744800000-7f27448fe000 rw-p 00000000 00:00 0                          [stack:4368]
7f27448fe000-7f2744fe1000 r--p 00000000 08:04 926407                     /usr/lib/locale/locale-archive
7f2744fe1000-7f2744fe4000 ---p 00000000 00:00 0 
7f2744fe4000-7f27450e2000 rw-p 00000000 00:00 0                          [stack:4359]
7f27450e2000-7f27450e5000 ---p 00000000 00:00 0 
7f27450e5000-7f27451e3000 rw-p 00000000 00:00 0                          [stack:4357]
7f27451e3000-7f27451e4000 ---p 00000000 00:00 0 
7f27451e4000-7f27462e3000 rw-p 00000000 00:00 0                          [stack:4353]
7f27462e3000-7f27464a3000 r--s 039fb000 08:04 1467952                    /usr/lib/jvm/java-7-oracle/jre/lib/rt.jar
7f27464a3000-7f27489d2000 rw-p 00000000 00:00 0 
7f27489d2000-7f27489d3000 ---p 00000000 00:00 0 
7f27489d3000-7f2748ad3000 rw-p 00000000 00:00 0                          [stack:4347]
7f2748ad3000-7f2748ad4000 ---p 00000000 00:00 0 
7f2748ad4000-7f2748bd4000 rw-p 00000000 00:00 0                          [stack:4346]
7f2748bd4000-7f2748bd5000 ---p 00000000 00:00 0 
7f2748bd5000-7f2748cd5000 rw-p 00000000 00:00 0                          [stack:4345]
7f2748cd5000-7f2748cd6000 ---p 00000000 00:00 0 
7f2748cd6000-7f2748de1000 rw-p 00000000 00:00 0                          [stack:4344]
7f2748de1000-7f2748dff000 rw-p 00000000 00:00 0 
7f2748dff000-7f2748e0e000 rw-p 00000000 00:00 0 
7f2748e0e000-7f2748f54000 rw-p 00000000 00:00 0 
7f2748f54000-7f2748f6d000 rw-p 00000000 00:00 0 
7f2748f6d000-7f2748fff000 rw-p 00000000 00:00 0 
7f2748fff000-7f2749000000 rw-p 00000000 00:00 0 
7f2749000000-7f2749270000 rwxp 00000000 00:00 0 
7f2749270000-7f274c176000 rw-p 00000000 00:00 0 
7f274c176000-7f2750000000 ---p 00000000 00:00 0 
7f2750012000-7f275001b000 r--s 00089000 08:04 2014240                    /home/tioammar/Project/android/TestApp/app/build/intermediates/exploded-aar/com.android.support/appcompat-v7/23.1.1/jars/classes.jar
7f275001b000-7f27500a9000 rw-p 00000000 00:00 0 
7f27500a9000-7f27500c7000 rw-p 00000000 00:00 0 
7f27500c7000-7f27500d6000 rw-p 00000000 00:00 0 
7f27500d6000-7f275021d000 rw-p 00000000 00:00 0 
7f275021d000-7f2750234000 r-xp 00000000 08:04 1734770                    /usr/lib/jvm/java-7-oracle/jre/lib/amd64/libzip.so
7f2750234000-7f2750434000 ---p 00017000 08:04 1734770                    /usr/lib/jvm/java-7-oracle/jre/lib/amd64/libzip.so
7f2750434000-7f2750435000 rw-p 00017000 08:04 1734770                    /usr/lib/jvm/java-7-oracle/jre/lib/amd64/libzip.so
7f2750435000-7f2750441000 r-xp 00000000 08:04 2626288                    /lib/x86_64-linux-gnu/libnss_files-2.21.so
7f2750441000-7f2750640000 ---p 0000c000 08:04 2626288                    /lib/x86_64-linux-gnu/libnss_files-2.21.so
7f2750640000-7f2750641000 r--p 0000b000 08:04 2626288                    /lib/x86_64-linux-gnu/libnss_files-2.21.so
7f2750641000-7f2750642000 rw-p 0000c000 08:04 2626288                    /lib/x86_64-linux-gnu/libnss_files-2.21.so
7f2750642000-7f275064d000 r-xp 00000000 08:04 2626298                    /lib/x86_64-linux-gnu/libnss_nis-2.21.so
7f275064d000-7f275084c000 ---p 0000b000 08:04 2626298                    /lib/x86_64-linux-gnu/libnss_nis-2.21.so
7f275084c000-7f275084d000 r--p 0000a000 08:04 2626298                    /lib/x86_64-linux-gnu/libnss_nis-2.21.so
7f275084d000-7f275084e000 rw-p 0000b000 08:04 2626298                    /lib/x86_64-linux-gnu/libnss_nis-2.21.so
7f275084e000-7f2750865000 r-xp 00000000 08:04 2626282                    /lib/x86_64-linux-gnu/libnsl-2.21.so
7f2750865000-7f2750a64000 ---p 00017000 08:04 2626282                    /lib/x86_64-linux-gnu/libnsl-2.21.so
7f2750a64000-7f2750a65000 r--p 00016000 08:04 2626282                    /lib/x86_64-linux-gnu/libnsl-2.21.so
7f2750a65000-7f2750a66000 rw-p 00017000 08:04 2626282                    /lib/x86_64-linux-gnu/libnsl-2.21.so
7f2750a66000-7f2750a68000 rw-p 00000000 00:00 0 
7f2750a68000-7f2750a70000 r-xp 00000000 08:04 2626284                    /lib/x86_64-linux-gnu/libnss_compat-2.21.so
7f2750a70000-7f2750c6f000 ---p 00008000 08:04 2626284                    /lib/x86_64-linux-gnu/libnss_compat-2.21.so
7f2750c6f000-7f2750c70000 r--p 00007000 08:04 2626284                    /lib/x86_64-linux-gnu/libnss_compat-2.21.so
7f2750c70000-7f2750c71000 rw-p 00008000 08:04 2626284                    /lib/x86_64-linux-gnu/libnss_compat-2.21.so
7f2750c71000-7f2750c9a000 r-xp 00000000 08:04 1734736                    /usr/lib/jvm/java-7-oracle/jre/lib/amd64/libjava.so
7f2750c9a000-7f2750e9a000 ---p 00029000 08:04 1734736                    /usr/lib/jvm/java-7-oracle/jre/lib/amd64/libjava.so
7f2750e9a000-7f2750e9c000 rw-p 00029000 08:04 1734736                    /usr/lib/jvm/java-7-oracle/jre/lib/amd64/libjava.so
7f2750e9c000-7f2750ea9000 r-xp 00000000 08:04 1734763                    /usr/lib/jvm/java-7-oracle/jre/lib/amd64/libverify.so
7f2750ea9000-7f27510a8000 ---p 0000d000 08:04 1734763                    /usr/lib/jvm/java-7-oracle/jre/lib/amd64/libverify.so
7f27510a8000-7f27510aa000 rw-p 0000c000 08:04 1734763                    /usr/lib/jvm/java-7-oracle/jre/lib/amd64/libverify.so
7f27510aa000-7f27510b1000 r-xp 00000000 08:04 2626343                    /lib/x86_64-linux-gnu/librt-2.21.so
7f27510b1000-7f27512b0000 ---p 00007000 08:04 2626343                    /lib/x86_64-linux-gnu/librt-2.21.so
7f27512b0000-7f27512b1000 r--p 00006000 08:04 2626343                    /lib/x86_64-linux-gnu/librt-2.21.so
7f27512b1000-7f27512b2000 rw-p 00007000 08:04 2626343                    /lib/x86_64-linux-gnu/librt-2.21.so
7f27512b2000-7f27513b9000 r-xp 00000000 08:04 2626261                    /lib/x86_64-linux-gnu/libm-2.21.so
7f27513b9000-7f27515b8000 ---p 00107000 08:04 2626261                    /lib/x86_64-linux-gnu/libm-2.21.so
7f27515b8000-7f27515b9000 r--p 00106000 08:04 2626261                    /lib/x86_64-linux-gnu/libm-2.21.so
7f27515b9000-7f27515ba000 rw-p 00107000 08:04 2626261                    /lib/x86_64-linux-gnu/libm-2.21.so
7f27515ba000-7f2752130000 r-xp 00000000 08:04 2010072                    /usr/lib/jvm/java-7-oracle/jre/lib/amd64/server/libjvm.so
7f2752130000-7f275232f000 ---p 00b76000 08:04 2010072                    /usr/lib/jvm/java-7-oracle/jre/lib/amd64/server/libjvm.so
7f275232f000-7f27523f3000 rw-p 00b75000 08:04 2010072                    /usr/lib/jvm/java-7-oracle/jre/lib/amd64/server/libjvm.so
7f27523f3000-7f2752434000 rw-p 00000000 00:00 0 
7f2752434000-7f27525f4000 r-xp 00000000 08:04 2626199                    /lib/x86_64-linux-gnu/libc-2.21.so
7f27525f4000-7f27527f4000 ---p 001c0000 08:04 2626199                    /lib/x86_64-linux-gnu/libc-2.21.so
7f27527f4000-7f27527f8000 r--p 001c0000 08:04 2626199                    /lib/x86_64-linux-gnu/libc-2.21.so
7f27527f8000-7f27527fa000 rw-p 001c4000 08:04 2626199                    /lib/x86_64-linux-gnu/libc-2.21.so
7f27527fa000-7f27527fe000 rw-p 00000000 00:00 0 
7f27527fe000-7f2752801000 r-xp 00000000 08:04 2626218                    /lib/x86_64-linux-gnu/libdl-2.21.so
7f2752801000-7f2752a00000 ---p 00003000 08:04 2626218                    /lib/x86_64-linux-gnu/libdl-2.21.so
7f2752a00000-7f2752a01000 r--p 00002000 08:04 2626218                    /lib/x86_64-linux-gnu/libdl-2.21.so
7f2752a01000-7f2752a02000 rw-p 00003000 08:04 2626218                    /lib/x86_64-linux-gnu/libdl-2.21.so
7f2752a02000-7f2752a17000 r-xp 00000000 08:04 1341477                    /usr/lib/jvm/java-7-oracle/lib/amd64/jli/libjli.so
7f2752a17000-7f2752c16000 ---p 00015000 08:04 1341477                    /usr/lib/jvm/java-7-oracle/lib/amd64/jli/libjli.so
7f2752c16000-7f2752c17000 rw-p 00014000 08:04 1341477                    /usr/lib/jvm/java-7-oracle/lib/amd64/jli/libjli.so
7f2752c17000-7f2752c2f000 r-xp 00000000 08:04 2626335                    /lib/x86_64-linux-gnu/libpthread-2.21.so
7f2752c2f000-7f2752e2f000 ---p 00018000 08:04 2626335                    /lib/x86_64-linux-gnu/libpthread-2.21.so
7f2752e2f000-7f2752e30000 r--p 00018000 08:04 2626335                    /lib/x86_64-linux-gnu/libpthread-2.21.so
7f2752e30000-7f2752e31000 rw-p 00019000 08:04 2626335                    /lib/x86_64-linux-gnu/libpthread-2.21.so
7f2752e31000-7f2752e35000 rw-p 00000000 00:00 0 
7f2752e35000-7f2752e59000 r-xp 00000000 08:04 2626171                    /lib/x86_64-linux-gnu/ld-2.21.so
7f2752e60000-7f2752e80000 rw-p 00000000 00:00 0 
7f2752e80000-7f2752f36000 rw-p 00000000 00:00 0 
7f2752f36000-7f2752f39000 ---p 00000000 00:00 0 
7f2752f39000-7f275303b000 rw-p 00000000 00:00 0                          [stack:4334]
7f275303c000-7f275303d000 rw-p 00000000 00:00 0 
7f275303d000-7f275304c000 r--s 000df000 08:04 1075726                    /home/tioammar/Android/Sdk/build-tools/23.0.2/lib/dx.jar
7f275304c000-7f2753054000 rw-s 00000000 08:04 1467896                    /tmp/hsperfdata_tioammar/4314
7f2753054000-7f2753055000 rw-p 00000000 00:00 0 
7f2753055000-7f2753056000 ---p 00000000 00:00 0 
7f2753056000-7f2753058000 rw-p 00000000 00:00 0 
7f2753058000-7f2753059000 r--p 00023000 08:04 2626171                    /lib/x86_64-linux-gnu/ld-2.21.so
7f2753059000-7f275305a000 rw-p 00024000 08:04 2626171                    /lib/x86_64-linux-gnu/ld-2.21.so
7f275305a000-7f275305b000 rw-p 00000000 00:00 0 
7ffde10ff000-7ffde1120000 rw-p 00000000 00:00 0                          [stack]
7ffde11c3000-7ffde11c5000 r--p 00000000 00:00 0                          [vvar]
7ffde11c5000-7ffde11c7000 r-xp 00000000 00:00 0                          [vdso]
ffffffffff600000-ffffffffff601000 r-xp 00000000 00:00 0                  [vsyscall]

VM Arguments:
jvm_args: -Djava.awt.headless=true -Xmx1024M -Dfile.encoding=UTF-8 -Duser.country=US -Duser.language=en -Duser.variant 
java_command: com.android.dx.command.Main --dex --num-threads=4 --output /home/tioammar/Project/android/TestApp/app/build/intermediates/pre-dexed/debug/com.android.support-appcompat-v7-23.1.1_dc73bd5e5a506e4bed7c464c875fae4ae6ff28d2.jar /home/tioammar/Project/android/TestApp/app/build/intermediates/exploded-aar/com.android.support/appcompat-v7/23.1.1/jars/classes.jar
Launcher Type: SUN_STANDARD

Environment Variables:
PATH=/usr/local/sbin:/usr/local/bin:/usr/sbin:/usr/bin:/sbin:/bin:/usr/games:/usr/local/games
SHELL=/bin/bash
DISPLAY=:0

Signal Handlers:
SIGSEGV: [libjvm.so+0x9a3b20], sa_mask[0]=0x7ffbfeff, sa_flags=0x10000004
SIGBUS: [libjvm.so+0x9a3b20], sa_mask[0]=0x7ffbfeff, sa_flags=0x10000004
SIGFPE: [libjvm.so+0x81e740], sa_mask[0]=0x7ffbfeff, sa_flags=0x10000004
SIGPIPE: [libjvm.so+0x81e740], sa_mask[0]=0x7ffbfeff, sa_flags=0x10000004
SIGXFSZ: [libjvm.so+0x81e740], sa_mask[0]=0x7ffbfeff, sa_flags=0x10000004
SIGILL: [libjvm.so+0x81e740], sa_mask[0]=0x7ffbfeff, sa_flags=0x10000004
SIGUSR1: SIG_DFL, sa_mask[0]=0x00000000, sa_flags=0x00000000
SIGUSR2: [libjvm.so+0x81ffb0], sa_mask[0]=0x00000004, sa_flags=0x10000004
SIGHUP: [libjvm.so+0x8210d0], sa_mask[0]=0x7ffbfeff, sa_flags=0x10000004
SIGINT: [libjvm.so+0x8210d0], sa_mask[0]=0x7ffbfeff, sa_flags=0x10000004
SIGTERM: [libjvm.so+0x8210d0], sa_mask[0]=0x7ffbfeff, sa_flags=0x10000004
SIGQUIT: [libjvm.so+0x8210d0], sa_mask[0]=0x7ffbfeff, sa_flags=0x10000004


---------------  S Y S T E M  ---------------

OS:jessie/sid

uname:Linux 4.2.0-23-generic #28-Ubuntu SMP Sun Dec 27 17:47:31 UTC 2015 x86_64
libc:glibc 2.21 NPTL 2.21 
rlimit: STACK 8192k, CORE 0k, NPROC 10846, NOFILE 65536, AS infinity
load average:9,94 3,41 2,87

/proc/meminfo:
MemTotal:        2811332 kB
MemFree:           20456 kB
MemAvailable:      58724 kB
Buffers:            2176 kB
Cached:           173088 kB
SwapCached:            0 kB
Active:          2521788 kB
Inactive:         134972 kB
Active(anon):    2503812 kB
Inactive(anon):   121472 kB
Active(file):      17976 kB
Inactive(file):    13500 kB
Unevictable:         168 kB
Mlocked:             168 kB
SwapTotal:             0 kB
SwapFree:              0 kB
Dirty:               180 kB
Writeback:             0 kB
AnonPages:       2481880 kB
Mapped:            77740 kB
Shmem:            143840 kB
Slab:              62208 kB
SReclaimable:      31596 kB
SUnreclaim:        30612 kB
KernelStack:       10512 kB
PageTables:        34532 kB
NFS_Unstable:          0 kB
Bounce:                0 kB
WritebackTmp:          0 kB
CommitLimit:     1405664 kB
Committed_AS:    6539548 kB
VmallocTotal:   34359738367 kB
VmallocUsed:      544548 kB
VmallocChunk:   34358423548 kB
HardwareCorrupted:     0 kB
AnonHugePages:    831488 kB
CmaTotal:              0 kB
CmaFree:               0 kB
HugePages_Total:       0
HugePages_Free:        0
HugePages_Rsvd:        0
HugePages_Surp:        0
Hugepagesize:       2048 kB
DirectMap4k:      113556 kB
DirectMap2M:     2758656 kB


CPU:total 4 (2 cores per cpu, 2 threads per core) family 6 model 37 stepping 2, cmov, cx8, fxsr, mmx, sse, sse2, sse3, ssse3, sse4.1, sse4.2, popcnt, ht, tsc, tscinvbit

/proc/cpuinfo:
processor	: 0
vendor_id	: GenuineIntel
cpu family	: 6
model		: 37
model name	: Intel(R) Core(TM) i3 CPU       M 350  @ 2.27GHz
stepping	: 2
microcode	: 0xe
cpu MHz		: 2266.000
cache size	: 3072 KB
physical id	: 0
siblings	: 4
core id		: 0
cpu cores	: 2
apicid		: 0
initial apicid	: 0
fpu		: yes
fpu_exception	: yes
cpuid level	: 11
wp		: yes
flags		: fpu vme de pse tsc msr pae mce cx8 apic sep mtrr pge mca cmov pat pse36 clflush dts acpi mmx fxsr sse sse2 ss ht tm pbe syscall nx rdtscp lm constant_tsc arch_perfmon pebs bts rep_good nopl xtopology nonstop_tsc aperfmperf pni dtes64 monitor ds_cpl vmx est tm2 ssse3 cx16 xtpr pdcm sse4_1 sse4_2 popcnt lahf_lm arat dtherm tpr_shadow vnmi flexpriority ept vpid
bugs		:
bogomips	: 4521.81
clflush size	: 64
cache_alignment	: 64
address sizes	: 36 bits physical, 48 bits virtual
power management:

processor	: 1
vendor_id	: GenuineIntel
cpu family	: 6
model		: 37
model name	: Intel(R) Core(TM) i3 CPU       M 350  @ 2.27GHz
stepping	: 2
microcode	: 0xe
cpu MHz		: 2266.000
cache size	: 3072 KB
physical id	: 0
siblings	: 4
core id		: 2
cpu cores	: 2
apicid		: 4
initial apicid	: 4
fpu		: yes
fpu_exception	: yes
cpuid level	: 11
wp		: yes
flags		: fpu vme de pse tsc msr pae mce cx8 apic sep mtrr pge mca cmov pat pse36 clflush dts acpi mmx fxsr sse sse2 ss ht tm pbe syscall nx rdtscp lm constant_tsc arch_perfmon pebs bts rep_good nopl xtopology nonstop_tsc aperfmperf pni dtes64 monitor ds_cpl vmx est tm2 ssse3 cx16 xtpr pdcm sse4_1 sse4_2 popcnt lahf_lm arat dtherm tpr_shadow vnmi flexpriority ept vpid
bugs		:
bogomips	: 4521.81
clflush size	: 64
cache_alignment	: 64
address sizes	: 36 bits physical, 48 bits virtual
power management:

processor	: 2
vendor_id	: GenuineIntel
cpu family	: 6
model		: 37
model name	: Intel(R) Core(TM) i3 CPU       M 350  @ 2.27GHz
stepping	: 2
microcode	: 0xe
cpu MHz		: 2266.000
cache size	: 3072 KB
physical id	: 0
siblings	: 4
core id		: 0
cpu cores	: 2
apicid		: 1
initial apicid	: 1
fpu		: yes
fpu_exception	: yes
cpuid level	: 11
wp		: yes
flags		: fpu vme de pse tsc msr pae mce cx8 apic sep mtrr pge mca cmov pat pse36 clflush dts acpi mmx fxsr sse sse2 ss ht tm pbe syscall nx rdtscp lm constant_tsc arch_perfmon pebs bts rep_good nopl xtopology nonstop_tsc aperfmperf pni dtes64 monitor ds_cpl vmx est tm2 ssse3 cx16 xtpr pdcm sse4_1 sse4_2 popcnt lahf_lm arat dtherm tpr_shadow vnmi flexpriority ept vpid
bugs		:
bogomips	: 4521.81
clflush size	: 64
cache_alignment	: 64
address sizes	: 36 bits physical, 48 bits virtual
power management:

processor	: 3
vendor_id	: GenuineIntel
cpu family	: 6
model		: 37
model name	: Intel(R) Core(TM) i3 CPU       M 350  @ 2.27GHz
stepping	: 2
microcode	: 0xe
cpu MHz		: 2266.000
cache size	: 3072 KB
physical id	: 0
siblings	: 4
core id		: 2
cpu cores	: 2
apicid		: 5
initial apicid	: 5
fpu		: yes
fpu_exception	: yes
cpuid level	: 11
wp		: yes
flags		: fpu vme de pse tsc msr pae mce cx8 apic sep mtrr pge mca cmov pat pse36 clflush dts acpi mmx fxsr sse sse2 ss ht tm pbe syscall nx rdtscp lm constant_tsc arch_perfmon pebs bts rep_good nopl xtopology nonstop_tsc aperfmperf pni dtes64 monitor ds_cpl vmx est tm2 ssse3 cx16 xtpr pdcm sse4_1 sse4_2 popcnt lahf_lm arat dtherm tpr_shadow vnmi flexpriority ept vpid
bugs		:
bogomips	: 4521.81
clflush size	: 64
cache_alignment	: 64
address sizes	: 36 bits physical, 48 bits virtual
power management:



Memory: 4k page, physical 2811332k(20456k free), swap 0k(0k free)

vm_info: Java HotSpot(TM) 64-Bit Server VM (24.80-b11) for linux-amd64 JRE (1.7.0_80-b15), built on Apr 10 2015 19:53:14 by "java_re" with gcc 4.3.0 20080428 (Red Hat 4.3.0-8)

time: Thu Jan 14 15:01:13 2016
elapsed time: 20 seconds

